<?xml version="1.0" encoding="UTF-8"?>
<!-- Generated by org.testng.reporters.JUnitXMLReporter -->
<testsuite ignored="1" hostname="sravs" failures="1" tests="3" name="Test" time="0.053" errors="0" timestamp="2024-01-16T23:06:22 IST">
  <testcase classname="assertions.Assertions" name="testExample" time="0.006"/>
  <testcase classname="assertions.Assertions" name="add" time="0.001"/>
  <testcase classname="assertions.Assertions" name="soft" time="0.008">
    <failure type="java.lang.AssertionError" message="The following asserts failed:
	The expected result is equal to the actual result expected [true] but found [false]">
      <![CDATA[java.lang.AssertionError: The following asserts failed:
The expected result is equal to the actual result expected [true] but found [false]
at assertions.Assertions.soft(Assertions.java:49)
at java.base/java.util.ArrayList.forEach(ArrayList.java:1511)
... Removed 29 stack frames]]>
    </failure>
  </testcase> <!-- soft -->
  <testcase classname="assertions.Assertions" name="Assert" time="0.0">
    <ignored/>
  </testcase> <!-- Assert -->
</testsuite> <!-- Test -->
